Using pre-set license
Built from '2021.3/staging' branch; Version is '2021.3.16f1 (4016570cf34f) revision 4200023'; Using compiler version '192829333'; Build Type 'Release'
OS: 'Windows 10  (10.0.19045) 64bit Professional' Language: 'en' Physical Memory: 32698 MB
BatchMode: 1, IsHumanControllingUs: 0, StartBugReporterOnCrash: 0, Is64bit: 1, IsPro: 1

COMMAND LINE ARGUMENTS:
F:\Unity\2021.3.16f1\Editor\Unity.exe
-adb2
-batchMode
-noUpm
-name
AssetImportWorker0
-projectPath
E:/School/izhv/IZHV_Projekt
-logFile
Logs/AssetImportWorker0.log
-srvPort
64515
Successfully changed project path to: E:/School/izhv/IZHV_Projekt
E:/School/izhv/IZHV_Projekt
[UnityMemory] Configuration Parameters - Can be set up in boot.config
    "memorysetup-bucket-allocator-granularity=16"
    "memorysetup-bucket-allocator-bucket-count=8"
    "memorysetup-bucket-allocator-block-size=33554432"
    "memorysetup-bucket-allocator-block-count=8"
    "memorysetup-main-allocator-block-size=16777216"
    "memorysetup-thread-allocator-block-size=16777216"
    "memorysetup-gfx-main-allocator-block-size=16777216"
    "memorysetup-gfx-thread-allocator-block-size=16777216"
    "memorysetup-cache-allocator-block-size=4194304"
    "memorysetup-typetree-allocator-block-size=2097152"
    "memorysetup-profiler-bucket-allocator-granularity=16"
    "memorysetup-profiler-bucket-allocator-bucket-count=8"
    "memorysetup-profiler-bucket-allocator-block-size=33554432"
    "memorysetup-profiler-bucket-allocator-block-count=8"
    "memorysetup-profiler-allocator-block-size=16777216"
    "memorysetup-profiler-editor-allocator-block-size=1048576"
    "memorysetup-temp-allocator-size-main=16777216"
    "memorysetup-job-temp-allocator-block-size=2097152"
    "memorysetup-job-temp-allocator-block-size-background=1048576"
    "memorysetup-job-temp-allocator-reduction-small-platforms=262144"
    "memorysetup-temp-allocator-size-background-worker=32768"
    "memorysetup-temp-allocator-size-job-worker=262144"
    "memorysetup-temp-allocator-size-preload-manager=33554432"
    "memorysetup-temp-allocator-size-nav-mesh-worker=65536"
    "memorysetup-temp-allocator-size-audio-worker=65536"
    "memorysetup-temp-allocator-size-cloud-worker=32768"
    "memorysetup-temp-allocator-size-gi-baking-worker=262144"
    "memorysetup-temp-allocator-size-gfx=262144"
Player connection [19988] Host "[IP] 192.168.56.1 [Port] 0 [Flags] 2 [Guid] 829189610 [EditorId] 829189610 [Version] 1048832 [Id] WindowsEditor(7,Eve-Zero-One) [Debug] 1 [PackageName] WindowsEditor [ProjectName] Editor" joined multi-casting on [225.0.0.222:54997]...

Player connection [19988] Host "[IP] 192.168.56.1 [Port] 0 [Flags] 2 [Guid] 829189610 [EditorId] 829189610 [Version] 1048832 [Id] WindowsEditor(7,Eve-Zero-One) [Debug] 1 [PackageName] WindowsEditor [ProjectName] Editor" joined alternative multi-casting on [225.0.0.222:34997]...

Refreshing native plugins compatible for Editor in 116.48 ms, found 4 plugins.
Preloading 0 native plugins for Editor in 0.00 ms.
Initialize engine version: 2021.3.16f1 (4016570cf34f)
[Subsystems] Discovering subsystems at path F:/Unity/2021.3.16f1/Editor/Data/Resources/UnitySubsystems
[Subsystems] Discovering subsystems at path E:/School/izhv/IZHV_Projekt/Assets
GfxDevice: creating device client; threaded=0; jobified=0
Direct3D:
    Version:  Direct3D 11.0 [level 11.1]
    Renderer: NVIDIA GeForce GTX 1060 3GB (ID=0x1c02)
    Vendor:   NVIDIA
    VRAM:     2978 MB
    Driver:   31.0.15.2686
Initialize mono
Mono path[0] = 'F:/Unity/2021.3.16f1/Editor/Data/Managed'
Mono path[1] = 'F:/Unity/2021.3.16f1/Editor/Data/MonoBleedingEdge/lib/mono/unityjit-win32'
Mono config path = 'F:/Unity/2021.3.16f1/Editor/Data/MonoBleedingEdge/etc'
Using monoOptions --debugger-agent=transport=dt_socket,embedding=1,server=y,suspend=n,address=127.0.0.1:56140
Begin MonoManager ReloadAssembly
Registering precompiled unity dll's ...
Register platform support module: F:/Unity/2021.3.16f1/Editor/Data/PlaybackEngines/WebGLSupport/UnityEditor.WebGL.Extensions.dll
Register platform support module: F:/Unity/2021.3.16f1/Editor/Data/PlaybackEngines/WindowsStandaloneSupport/UnityEditor.WindowsStandalone.Extensions.dll
Registered in 0.004666 seconds.
Native extension for WindowsStandalone target not found
Native extension for WebGL target not found
Refreshing native plugins compatible for Editor in 107.26 ms, found 4 plugins.
Preloading 0 native plugins for Editor in 0.00 ms.
Mono: successfully reloaded assembly
- Completed reload, in  0.808 seconds
Domain Reload Profiling:
	ReloadAssembly (809ms)
		BeginReloadAssembly (112ms)
			ExecutionOrderSort (0ms)
			DisableScriptedObjects (0ms)
			BackupInstance (0ms)
			ReleaseScriptingObjects (0ms)
			CreateAndSetChildDomain (1ms)
		EndReloadAssembly (572ms)
			LoadAssemblies (112ms)
			RebuildTransferFunctionScriptingTraits (0ms)
			SetupTypeCache (131ms)
			ReleaseScriptCaches (0ms)
			RebuildScriptCaches (35ms)
			SetupLoadedEditorAssemblies (347ms)
				LogAssemblyErrors (0ms)
				InitializePlatformSupportModulesInManaged (11ms)
				SetLoadedEditorAssemblies (0ms)
				RefreshPlugins (107ms)
				BeforeProcessingInitializeOnLoad (2ms)
				ProcessInitializeOnLoadAttributes (170ms)
				ProcessInitializeOnLoadMethodAttributes (57ms)
				AfterProcessingInitializeOnLoad (0ms)
				EditorAssembliesLoaded (0ms)
			ExecutionOrderSort2 (0ms)
			AwakeInstancesAfterBackupRestoration (0ms)
Platform modules already initialized, skipping
Registering precompiled user dll's ...
Registered in 0.010248 seconds.
Begin MonoManager ReloadAssembly
Symbol file LoadedFromMemory doesn't match image E:\School\izhv\IZHV_Projekt\Library\PackageCache\com.unity.visualscripting@1.7.8\Editor\VisualScripting.Core\Dependencies\YamlDotNet\Unity.VisualScripting.YamlDotNet.dll
Symbol file LoadedFromMemory doesn't match image E:\School\izhv\IZHV_Projekt\Library\PackageCache\com.unity.visualscripting@1.7.8\Editor\VisualScripting.Core\Dependencies\DotNetZip\Unity.VisualScripting.IonicZip.dll
Native extension for WindowsStandalone target not found
Native extension for WebGL target not found
Refreshing native plugins compatible for Editor in 107.53 ms, found 4 plugins.
Preloading 0 native plugins for Editor in 0.00 ms.
Mono: successfully reloaded assembly
- Completed reload, in  1.406 seconds
Domain Reload Profiling:
	ReloadAssembly (1407ms)
		BeginReloadAssembly (159ms)
			ExecutionOrderSort (0ms)
			DisableScriptedObjects (7ms)
			BackupInstance (0ms)
			ReleaseScriptingObjects (0ms)
			CreateAndSetChildDomain (23ms)
		EndReloadAssembly (1115ms)
			LoadAssemblies (141ms)
			RebuildTransferFunctionScriptingTraits (0ms)
			SetupTypeCache (307ms)
			ReleaseScriptCaches (1ms)
			RebuildScriptCaches (67ms)
			SetupLoadedEditorAssemblies (575ms)
				LogAssemblyErrors (0ms)
				InitializePlatformSupportModulesInManaged (5ms)
				SetLoadedEditorAssemblies (0ms)
				RefreshPlugins (108ms)
				BeforeProcessingInitializeOnLoad (110ms)
				ProcessInitializeOnLoadAttributes (296ms)
				ProcessInitializeOnLoadMethodAttributes (52ms)
				AfterProcessingInitializeOnLoad (5ms)
				EditorAssembliesLoaded (0ms)
			ExecutionOrderSort2 (0ms)
			AwakeInstancesAfterBackupRestoration (11ms)
Platform modules already initialized, skipping
========================================================================
Worker process is ready to serve import requests
Launched and connected shader compiler UnityShaderCompiler.exe after 0.06 seconds
Refreshing native plugins compatible for Editor in 0.76 ms, found 4 plugins.
Preloading 0 native plugins for Editor in 0.00 ms.
Unloading 4046 Unused Serialized files (Serialized files now loaded: 0)
Unloading 44 unused Assets / (229.3 KB). Loaded Objects now: 4496.
Memory consumption went from 150.7 MB to 150.5 MB.
Total: 4.612300 ms (FindLiveObjects: 0.335600 ms CreateObjectMapping: 0.317600 ms MarkObjects: 3.763500 ms  DeleteObjects: 0.194400 ms)

AssetImportParameters requested are different than current active one (requested -> active):
  custom:video-decoder-ogg-theora: a1e56fd34408186e4bbccfd4996cb3dc -> 
  custom:container-muxer-webm: aa71ff27fc2769a1b78a27578f13a17b -> 
  custom:container-demuxer-webm: 4f35f7cbe854078d1ac9338744f61a02 -> 
  custom:video-encoder-webm-vp8: eb34c28f22e8b96e1ab97ce403110664 -> 
  custom:video-codec-MediaFoundation-h265: 746d11721c4dcdbdad8f713fa42b33f4 -> 
  custom:audio-encoder-webm-vorbis: bf7c407c2cedff20999df2af8eb42d56 -> 
  custom:framework-win-MediaFoundation: 216162199b28c13a410421893ffa2e32 -> 
  custom:container-demuxer-ogg: 62fdf1f143b41e24485cea50d1cbac27 -> 
  custom:video-decoder-webm-vp8: 9c59270c3fd7afecdb556c50c9e8de78 -> 
  custom:audio-decoder-ogg-vorbis: bf7c407c2cedff20999df2af8eb42d56 -> 
========================================================================
Received Import Request.
  Time since last request: 17404.357856 seconds.
  path: Assets/Scenes/SampleScene.unity
  artifactKey: Guid(8c9cfa26abfee488c85f1582747f6a02) Importer(815301076,1909f56bfc062723c751e8b465ee728b)
Start importing Assets/Scenes/SampleScene.unity using Guid(8c9cfa26abfee488c85f1582747f6a02) Importer(815301076,1909f56bfc062723c751e8b465ee728b)  -> (artifact id: 'b1363e449a23f572622fad60d1c3fd49') in 0.008245 seconds 
========================================================================
Received Import Request.
  Time since last request: 92.751755 seconds.
  path: Assets/Sprites/Square.png
  artifactKey: Guid(419f455a598f02742b2e125feccc1351) Importer(815301076,1909f56bfc062723c751e8b465ee728b)
Start importing Assets/Sprites/Square.png using Guid(419f455a598f02742b2e125feccc1351) Importer(815301076,1909f56bfc062723c751e8b465ee728b)  -> (artifact id: '67c5ec24ed925dde07c4095a0c144bbb') in 0.141950 seconds 
========================================================================
Received Import Request.
  Time since last request: 5.656020 seconds.
  path: Assets/Sprites/Background
  artifactKey: Guid(ddb48b34e9782fb4d8b9e11db538d7a0) Importer(815301076,1909f56bfc062723c751e8b465ee728b)
Start importing Assets/Sprites/Background using Guid(ddb48b34e9782fb4d8b9e11db538d7a0) Importer(815301076,1909f56bfc062723c751e8b465ee728b)  -> (artifact id: '450ecf4ec5739ca040612a9180904f59') in 0.005564 seconds 
========================================================================
Received Import Request.
  Time since last request: 0.073658 seconds.
  path: Assets/Sprites/Background/backgroung1.png
  artifactKey: Guid(606751ece1bb59945b28f9b18283bd45) Importer(815301076,1909f56bfc062723c751e8b465ee728b)
Start importing Assets/Sprites/Background/backgroung1.png using Guid(606751ece1bb59945b28f9b18283bd45) Importer(815301076,1909f56bfc062723c751e8b465ee728b)  -> (artifact id: '6cec7da54c559221b3efe5be9816be49') in 0.038956 seconds 
========================================================================
Received Import Request.
  Time since last request: 0.000034 seconds.
  path: Assets/Sprites/Background/New Piskel-1.png.png
  artifactKey: Guid(6173b76e49a6c2e4b9a81789b9275367) Importer(815301076,1909f56bfc062723c751e8b465ee728b)
Start importing Assets/Sprites/Background/New Piskel-1.png.png using Guid(6173b76e49a6c2e4b9a81789b9275367) Importer(815301076,1909f56bfc062723c751e8b465ee728b)  -> (artifact id: '9d75278d6ac50c7fa2a7416fc0ff8d59') in 0.030821 seconds 
========================================================================
Received Import Request.
  Time since last request: 0.000036 seconds.
  path: Assets/Sprites/Background/cloud.png
  artifactKey: Guid(b263bf2a906d2484aba1ae33077ac552) Importer(815301076,1909f56bfc062723c751e8b465ee728b)
Start importing Assets/Sprites/Background/cloud.png using Guid(b263bf2a906d2484aba1ae33077ac552) Importer(815301076,1909f56bfc062723c751e8b465ee728b)  -> (artifact id: 'd3bde810dc037227e13691e2ad3feade') in 0.013733 seconds 
========================================================================
Received Import Request.
  Time since last request: 0.000039 seconds.
  path: Assets/Sprites/Background/cloud3.png
  artifactKey: Guid(488b9cedf5c18db47bf1694bdcea95c7) Importer(815301076,1909f56bfc062723c751e8b465ee728b)
Start importing Assets/Sprites/Background/cloud3.png using Guid(488b9cedf5c18db47bf1694bdcea95c7) Importer(815301076,1909f56bfc062723c751e8b465ee728b)  -> (artifact id: '7b7a57c48ea37eafc4abd795f2c3ace4') in 0.013224 seconds 
========================================================================
Received Import Request.
  Time since last request: 0.000121 seconds.
  path: Assets/Sprites/Background/cloud2.png
  artifactKey: Guid(7ad1a395e41572647bbb5527bd9c9e4e) Importer(815301076,1909f56bfc062723c751e8b465ee728b)
Start importing Assets/Sprites/Background/cloud2.png using Guid(7ad1a395e41572647bbb5527bd9c9e4e) Importer(815301076,1909f56bfc062723c751e8b465ee728b)  -> (artifact id: 'fe4ad275d4485f9f3117c2fc2bf3b7f2') in 0.015287 seconds 
========================================================================
Received Import Request.
  Time since last request: 0.000025 seconds.
  path: Assets/Sprites/Background/cloud3x2.png
  artifactKey: Guid(187d0946984ee43469f6668e6da90481) Importer(815301076,1909f56bfc062723c751e8b465ee728b)
Start importing Assets/Sprites/Background/cloud3x2.png using Guid(187d0946984ee43469f6668e6da90481) Importer(815301076,1909f56bfc062723c751e8b465ee728b)  -> (artifact id: 'a46d376cfecf0ddb237c88b766098ce6') in 0.014775 seconds 
========================================================================
Received Import Request.
  Time since last request: 0.000028 seconds.
  path: Assets/Sprites/Background/cloud4.png
  artifactKey: Guid(c96355181568554409126a45dadaec57) Importer(815301076,1909f56bfc062723c751e8b465ee728b)
Start importing Assets/Sprites/Background/cloud4.png using Guid(c96355181568554409126a45dadaec57) Importer(815301076,1909f56bfc062723c751e8b465ee728b)  -> (artifact id: '4f80d820e867ca18ab982b541fd597df') in 0.016776 seconds 
========================================================================
Received Import Request.
  Time since last request: 82.893784 seconds.
  path: Assets/Sprites/Ground/ground.png
  artifactKey: Guid(e781176a0c84f15468784283065f5764) Importer(815301076,1909f56bfc062723c751e8b465ee728b)
Start importing Assets/Sprites/Ground/ground.png using Guid(e781176a0c84f15468784283065f5764) Importer(815301076,1909f56bfc062723c751e8b465ee728b)  -> (artifact id: 'fc9a98c54f57cc67574a1f49b250094f') in 0.010904 seconds 
========================================================================
Received Import Request.
  Time since last request: 10.404165 seconds.
  path: Assets/Sprites/Ground
  artifactKey: Guid(224458bb3e115b44482b3727c8bece61) Importer(815301076,1909f56bfc062723c751e8b465ee728b)
Start importing Assets/Sprites/Ground using Guid(224458bb3e115b44482b3727c8bece61) Importer(815301076,1909f56bfc062723c751e8b465ee728b)  -> (artifact id: 'b21f498d2df63077bf944f28d5d64bd5') in 0.002141 seconds 
========================================================================
Received Import Request.
  Time since last request: 62.318487 seconds.
  path: Assets/Scripts/Player
  artifactKey: Guid(92b2eba818afecc4a9608c2aeeb1e18d) Importer(815301076,1909f56bfc062723c751e8b465ee728b)
Start importing Assets/Scripts/Player using Guid(92b2eba818afecc4a9608c2aeeb1e18d) Importer(815301076,1909f56bfc062723c751e8b465ee728b)  -> (artifact id: '2edf3b945260f1e449dd8a0699d47767') in 0.002110 seconds 
========================================================================
Received Import Request.
  Time since last request: 35.863730 seconds.
  path: Assets/Animations/Warrior
  artifactKey: Guid(23d5ba636de365e43a7029bee243c2c1) Importer(815301076,1909f56bfc062723c751e8b465ee728b)
Start importing Assets/Animations/Warrior using Guid(23d5ba636de365e43a7029bee243c2c1) Importer(815301076,1909f56bfc062723c751e8b465ee728b)  -> (artifact id: '941d13e1d1648f409c1909a40955a395') in 0.003438 seconds 
========================================================================
Received Import Request.
  Time since last request: 13.408465 seconds.
  path: Assets/Animations/Warrior/Warrior_Run_1.controller
  artifactKey: Guid(c4f3bc8ad258e61409ae7b5abd40a389) Importer(815301076,1909f56bfc062723c751e8b465ee728b)
Start importing Assets/Animations/Warrior/Warrior_Run_1.controller using Guid(c4f3bc8ad258e61409ae7b5abd40a389) Importer(815301076,1909f56bfc062723c751e8b465ee728b)  -> (artifact id: 'be77a5631fd77863106ac59defda18bf') in 0.009289 seconds 
========================================================================
Received Import Request.
  Time since last request: 0.832426 seconds.
  path: Assets/Animations/Warrior/Player 1.controller
  artifactKey: Guid(edf1190877e8d654f850571c8f35ac71) Importer(815301076,1909f56bfc062723c751e8b465ee728b)
Start importing Assets/Animations/Warrior/Player 1.controller using Guid(edf1190877e8d654f850571c8f35ac71) Importer(815301076,1909f56bfc062723c751e8b465ee728b)  -> (artifact id: 'e71a462d6fe63745fa805187f1f72260') in 0.002983 seconds 
========================================================================
Received Import Request.
  Time since last request: 0.539145 seconds.
  path: Assets/Animations/Warrior/Player.controller
  artifactKey: Guid(84d384a6ff600ab489d96b0680ca28b5) Importer(815301076,1909f56bfc062723c751e8b465ee728b)
Start importing Assets/Animations/Warrior/Player.controller using Guid(84d384a6ff600ab489d96b0680ca28b5) Importer(815301076,1909f56bfc062723c751e8b465ee728b)  -> (artifact id: '086cc995e6bc9f1f34383593cd16cb82') in 0.004335 seconds 
========================================================================
Received Import Request.
  Time since last request: 0.920541 seconds.
  path: Assets/Animations/Warrior/idle.anim
  artifactKey: Guid(5623583264f57694dbe6e9da572f13c8) Importer(815301076,1909f56bfc062723c751e8b465ee728b)
Start importing Assets/Animations/Warrior/idle.anim using Guid(5623583264f57694dbe6e9da572f13c8) Importer(815301076,1909f56bfc062723c751e8b465ee728b)  -> (artifact id: '9c50ec0dd21ff0bc9023a4d684fc3c0e') in 0.005693 seconds 
========================================================================
Received Import Request.
  Time since last request: 7.510210 seconds.
  path: Assets/Animations/Warrior/Run.anim
  artifactKey: Guid(f608c698d537bfd429e576a54da16dda) Importer(815301076,1909f56bfc062723c751e8b465ee728b)
Start importing Assets/Animations/Warrior/Run.anim using Guid(f608c698d537bfd429e576a54da16dda) Importer(815301076,1909f56bfc062723c751e8b465ee728b)  -> (artifact id: 'f63228c328f703a8c8524dd2a22886f6') in 0.003312 seconds 
========================================================================
Received Import Request.
  Time since last request: 25.259697 seconds.
  path: Assets/Sprites/Warrior/Individual Sprite
  artifactKey: Guid(f644ad4a87d4e8c47a9709af1b15f7b9) Importer(815301076,1909f56bfc062723c751e8b465ee728b)
Start importing Assets/Sprites/Warrior/Individual Sprite using Guid(f644ad4a87d4e8c47a9709af1b15f7b9) Importer(815301076,1909f56bfc062723c751e8b465ee728b)  -> (artifact id: 'd96c904ce4a6a6eb6831fdb6b190a288') in 0.002615 seconds 
========================================================================
Received Import Request.
  Time since last request: 4.592045 seconds.
  path: Assets/Sprites/Warrior/Individual Sprite/idle
  artifactKey: Guid(7cbf725a1e4bd9746b9768575e1f3749) Importer(815301076,1909f56bfc062723c751e8b465ee728b)
Start importing Assets/Sprites/Warrior/Individual Sprite/idle using Guid(7cbf725a1e4bd9746b9768575e1f3749) Importer(815301076,1909f56bfc062723c751e8b465ee728b)  -> (artifact id: '270427557003390678b62208698b37e2') in 0.002375 seconds 
========================================================================
Received Import Request.
  Time since last request: 0.057129 seconds.
  path: Assets/Sprites/Warrior/Individual Sprite/idle/Warrior_Idle_1.png
  artifactKey: Guid(3aaff2b15c86adc4eb13da802f6d16b9) Importer(815301076,1909f56bfc062723c751e8b465ee728b)
Start importing Assets/Sprites/Warrior/Individual Sprite/idle/Warrior_Idle_1.png using Guid(3aaff2b15c86adc4eb13da802f6d16b9) Importer(815301076,1909f56bfc062723c751e8b465ee728b)  -> (artifact id: '9f5fd418dce7a8ab3b6573e627526df7') in 0.019225 seconds 
========================================================================
Received Import Request.
  Time since last request: 0.000022 seconds.
  path: Assets/Sprites/Warrior/Individual Sprite/idle/Warrior_Idle_3.png
  artifactKey: Guid(8c6812aecb86b8b478fa5d0556034ee0) Importer(815301076,1909f56bfc062723c751e8b465ee728b)
Start importing Assets/Sprites/Warrior/Individual Sprite/idle/Warrior_Idle_3.png using Guid(8c6812aecb86b8b478fa5d0556034ee0) Importer(815301076,1909f56bfc062723c751e8b465ee728b)  -> (artifact id: 'd3a72e41f925fd63ac9874451621142f') in 0.011863 seconds 
========================================================================
Received Import Request.
  Time since last request: 0.000023 seconds.
  path: Assets/Sprites/Warrior/Individual Sprite/idle/Warrior_Idle_6.png
  artifactKey: Guid(60831167243229a44bc0e3c27c5ebede) Importer(815301076,1909f56bfc062723c751e8b465ee728b)
Start importing Assets/Sprites/Warrior/Individual Sprite/idle/Warrior_Idle_6.png using Guid(60831167243229a44bc0e3c27c5ebede) Importer(815301076,1909f56bfc062723c751e8b465ee728b)  -> (artifact id: 'd22374a784515b95251c6e3502d35d92') in 0.012802 seconds 
========================================================================
Received Import Request.
  Time since last request: 0.000023 seconds.
  path: Assets/Sprites/Warrior/Individual Sprite/idle/Warrior_Idle_5.png
  artifactKey: Guid(9efe3e9e991b8ca41a1e65f3f0701785) Importer(815301076,1909f56bfc062723c751e8b465ee728b)
Start importing Assets/Sprites/Warrior/Individual Sprite/idle/Warrior_Idle_5.png using Guid(9efe3e9e991b8ca41a1e65f3f0701785) Importer(815301076,1909f56bfc062723c751e8b465ee728b)  -> (artifact id: '79a7f29b4740094e88ed21f006225c98') in 0.016402 seconds 
========================================================================
Received Import Request.
  Time since last request: 0.000034 seconds.
  path: Assets/Sprites/Warrior/Individual Sprite/idle/Warrior_Idle_2.png
  artifactKey: Guid(631a785c474e58e46a4475f840f0b6dd) Importer(815301076,1909f56bfc062723c751e8b465ee728b)
Start importing Assets/Sprites/Warrior/Individual Sprite/idle/Warrior_Idle_2.png using Guid(631a785c474e58e46a4475f840f0b6dd) Importer(815301076,1909f56bfc062723c751e8b465ee728b)  -> (artifact id: '70ccbb4428bea5ece4132c41eb1e2543') in 0.014177 seconds 
========================================================================
Received Import Request.
  Time since last request: 0.000027 seconds.
  path: Assets/Sprites/Warrior/Individual Sprite/idle/Warrior_Idle_4.png
  artifactKey: Guid(1e6dbf6b3ba2d2c43b65766a76f07b66) Importer(815301076,1909f56bfc062723c751e8b465ee728b)
Start importing Assets/Sprites/Warrior/Individual Sprite/idle/Warrior_Idle_4.png using Guid(1e6dbf6b3ba2d2c43b65766a76f07b66) Importer(815301076,1909f56bfc062723c751e8b465ee728b)  -> (artifact id: 'd27ecd11841cbcf439c56bd6743e8428') in 0.012684 seconds 
========================================================================
Received Prepare
Registering precompiled user dll's ...
Registered in 0.010102 seconds.
Begin MonoManager ReloadAssembly
Symbol file LoadedFromMemory doesn't match image E:\School\izhv\IZHV_Projekt\Library\PackageCache\com.unity.visualscripting@1.7.8\Editor\VisualScripting.Core\Dependencies\YamlDotNet\Unity.VisualScripting.YamlDotNet.dll
Symbol file LoadedFromMemory doesn't match image E:\School\izhv\IZHV_Projekt\Library\PackageCache\com.unity.visualscripting@1.7.8\Editor\VisualScripting.Core\Dependencies\DotNetZip\Unity.VisualScripting.IonicZip.dll
Native extension for WindowsStandalone target not found
Native extension for WebGL target not found
Refreshing native plugins compatible for Editor in 118.36 ms, found 4 plugins.
Preloading 0 native plugins for Editor in 0.00 ms.
Mono: successfully reloaded assembly
- Completed reload, in  1.067 seconds
Domain Reload Profiling:
	ReloadAssembly (1068ms)
		BeginReloadAssembly (187ms)
			ExecutionOrderSort (0ms)
			DisableScriptedObjects (8ms)
			BackupInstance (0ms)
			ReleaseScriptingObjects (0ms)
			CreateAndSetChildDomain (49ms)
		EndReloadAssembly (757ms)
			LoadAssemblies (116ms)
			RebuildTransferFunctionScriptingTraits (0ms)
			SetupTypeCache (195ms)
			ReleaseScriptCaches (2ms)
			RebuildScriptCaches (36ms)
			SetupLoadedEditorAssemblies (378ms)
				LogAssemblyErrors (0ms)
				InitializePlatformSupportModulesInManaged (14ms)
				SetLoadedEditorAssemblies (0ms)
				RefreshPlugins (118ms)
				BeforeProcessingInitializeOnLoad (92ms)
				ProcessInitializeOnLoadAttributes (129ms)
				ProcessInitializeOnLoadMethodAttributes (21ms)
				AfterProcessingInitializeOnLoad (4ms)
				EditorAssembliesLoaded (0ms)
			ExecutionOrderSort2 (0ms)
			AwakeInstancesAfterBackupRestoration (12ms)
Platform modules already initialized, skipping
